ERROR: Unable to locate a modulefile for 'anaconda'
PYTHON: /home/jav021/.conda/envs/keystroke/bin/python
torch 2.8.0+cu128 cuda? True
Mon Nov 10 20:40:54 2025       
+-----------------------------------------------------------------------------------------+
| NVIDIA-SMI 550.144.03             Driver Version: 550.144.03     CUDA Version: 12.4     |
|-----------------------------------------+------------------------+----------------------+
| GPU  Name                 Persistence-M | Bus-Id          Disp.A | Volatile Uncorr. ECC |
| Fan  Temp   Perf          Pwr:Usage/Cap |           Memory-Usage | GPU-Util  Compute M. |
|                                         |                        |               MIG M. |
|=========================================+========================+======================|
|   0  NVIDIA RTX A6000               Off |   00000000:01:00.0 Off |                    0 |
| 30%   27C    P8             17W /  300W |       2MiB /  46068MiB |      0%      Default |
|                                         |                        |                  N/A |
+-----------------------------------------+------------------------+----------------------+
|   1  NVIDIA RTX A6000               Off |   00000000:23:00.0 Off |                    0 |
| 30%   28C    P8             18W /  300W |       2MiB /  46068MiB |      0%      Default |
|                                         |                        |                  N/A |
+-----------------------------------------+------------------------+----------------------+
|   2  NVIDIA RTX A6000               Off |   00000000:41:00.0 Off |                    0 |
| 30%   27C    P8             21W /  300W |       2MiB /  46068MiB |      0%      Default |
|                                         |                        |                  N/A |
+-----------------------------------------+------------------------+----------------------+
|   3  NVIDIA RTX A6000               Off |   00000000:61:00.0 Off |                    0 |
| 30%   26C    P8             18W /  300W |       2MiB /  46068MiB |      0%      Default |
|                                         |                        |                  N/A |
+-----------------------------------------+------------------------+----------------------+
                                                                                         
+-----------------------------------------------------------------------------------------+
| Processes:                                                                              |
|  GPU   GI   CI        PID   Type   Process name                              GPU Memory |
|        ID   ID                                                               Usage      |
|=========================================================================================|
|  No running processes found                                                             |
+-----------------------------------------------------------------------------------------+
Loaded text (247 characters)
Saved predicted keystroke CSV: predicted_keystrokes.csv
   DwellTime  FlightTime  typing_speed  ...  is_pause_5s  cum_backspace  cum_chars
0   113.1250     278.750       234.500  ...    -0.008934      39.437500   254.7500
1   104.2500     246.250       208.750  ...    -0.058472      23.468750   182.3750
2    94.1250     216.000       184.250  ...    -0.075134      13.289062   132.3750
3    86.5625     196.375       168.000  ...    -0.008194       9.000000   108.0000
4    87.3125     198.250       169.625  ...    -0.001078       9.382812   110.1875

[5 rows x 15 columns]
